# JRE version: OpenJDK Runtime Environment (11.0.13) (build 11.0.13+0-b1751.21-8125866)
# Java VM: OpenJDK 64-Bit Server VM (11.0.13+0-b1751.21-8125866, mixed mode, tiered, compressed oops, g1 gc, windows-amd64)
Heap:
 garbage-first heap   total 57344K, used 17873K [0x00000000c9600000, 0x0000000100000000)
  region size 1024K, 10 young (10240K), 2 survivors (2048K)
 Metaspace       used 28899K, capacity 29662K, committed 29824K, reserved 1075200K
  class space    used 3174K, capacity 3431K, committed 3456K, reserved 1048576K
GC Heap History (6 events):
Event: 2.476 GC heap before
{Heap before GC invocations=0 (full 0):
 garbage-first heap   total 57344K, used 17408K [0x00000000c9600000, 0x0000000100000000)
  region size 1024K, 14 young (14336K), 0 survivors (0K)
 Metaspace       used 12848K, capacity 13108K, committed 13184K, reserved 1060864K
  class space    used 1278K, capacity 1368K, committed 1408K, reserved 1048576K
}
Event: 2.486 GC heap after
{Heap after GC invocations=1 (full 0):
 garbage-first heap   total 57344K, used 4910K [0x00000000c9600000, 0x0000000100000000)
  region size 1024K, 2 young (2048K), 2 survivors (2048K)
 Metaspace       used 12848K, capacity 13108K, committed 13184K, reserved 1060864K
  class space    used 1278K, capacity 1368K, committed 1408K, reserved 1048576K
}
Event: 5.160 GC heap before
{Heap before GC invocations=1 (full 0):
 garbage-first heap   total 57344K, used 30510K [0x00000000c9600000, 0x0000000100000000)
  region size 1024K, 27 young (27648K), 2 survivors (2048K)
 Metaspace       used 20552K, capacity 21031K, committed 21248K, reserved 1069056K
  class space    used 2166K, capacity 2290K, committed 2304K, reserved 1048576K
}
Event: 5.176 GC heap after
{Heap after GC invocations=2 (full 0):
 garbage-first heap   total 57344K, used 8664K [0x00000000c9600000, 0x0000000100000000)
  region size 1024K, 5 young (5120K), 5 survivors (5120K)
 Metaspace       used 20552K, capacity 21031K, committed 21248K, reserved 1069056K
  class space    used 2166K, capacity 2290K, committed 2304K, reserved 1048576K
}
Event: 7.349 GC heap before
{Heap before GC invocations=3 (full 0):
 garbage-first heap   total 57344K, used 32216K [0x00000000c9600000, 0x0000000100000000)
  region size 1024K, 29 young (29696K), 5 survivors (5120K)
 Metaspace       used 26742K, capacity 27340K, committed 27392K, reserved 1073152K
  class space    used 2934K, capacity 3054K, committed 3072K, reserved 1048576K
}
Event: 7.366 GC heap after
{Heap after GC invocations=4 (full 0):
 garbage-first heap   total 57344K, used 10705K [0x00000000c9600000, 0x0000000100000000)
  region size 1024K, 2 young (2048K), 2 survivors (2048K)
 Metaspace       used 26742K, capacity 27340K, committed 27392K, reserved 1073152K
  class space    used 2934K, capacity 3054K, committed 3072K, reserved 1048576K
}

