# JRE version: OpenJDK Runtime Environment (11.0.13) (build 11.0.13+0-b1751.21-8125866)
# Java VM: OpenJDK 64-Bit Server VM (11.0.13+0-b1751.21-8125866, mixed mode, tiered, compressed oops, g1 gc, windows-amd64)
Heap:
 garbage-first heap   total 57344K, used 19013K [0x00000000c9600000, 0x0000000100000000)
  region size 1024K, 12 young (12288K), 3 survivors (3072K)
 Metaspace       used 29325K, capacity 30020K, committed 30208K, reserved 1075200K
  class space    used 3233K, capacity 3469K, committed 3584K, reserved 1048576K
GC Heap History (6 events):
Event: 2.095 GC heap before
{Heap before GC invocations=0 (full 0):
 garbage-first heap   total 57344K, used 17408K [0x00000000c9600000, 0x0000000100000000)
  region size 1024K, 14 young (14336K), 0 survivors (0K)
 Metaspace       used 12815K, capacity 13044K, committed 13184K, reserved 1060864K
  class space    used 1277K, capacity 1368K, committed 1408K, reserved 1048576K
}
Event: 2.102 GC heap after
{Heap after GC invocations=1 (full 0):
 garbage-first heap   total 57344K, used 4916K [0x00000000c9600000, 0x0000000100000000)
  region size 1024K, 2 young (2048K), 2 survivors (2048K)
 Metaspace       used 12815K, capacity 13044K, committed 13184K, reserved 1060864K
  class space    used 1277K, capacity 1368K, committed 1408K, reserved 1048576K
}
Event: 3.550 GC heap before
{Heap before GC invocations=1 (full 0):
 garbage-first heap   total 57344K, used 29492K [0x00000000c9600000, 0x0000000100000000)
  region size 1024K, 27 young (27648K), 2 survivors (2048K)
 Metaspace       used 20556K, capacity 21031K, committed 21248K, reserved 1069056K
  class space    used 2167K, capacity 2290K, committed 2304K, reserved 1048576K
}
Event: 3.564 GC heap after
{Heap after GC invocations=2 (full 0):
 garbage-first heap   total 57344K, used 8624K [0x00000000c9600000, 0x0000000100000000)
  region size 1024K, 5 young (5120K), 5 survivors (5120K)
 Metaspace       used 20556K, capacity 21031K, committed 21248K, reserved 1069056K
  class space    used 2167K, capacity 2290K, committed 2304K, reserved 1048576K
}
Event: 5.308 GC heap before
{Heap before GC invocations=3 (full 0):
 garbage-first heap   total 57344K, used 33200K [0x00000000c9600000, 0x0000000100000000)
  region size 1024K, 30 young (30720K), 5 survivors (5120K)
 Metaspace       used 27143K, capacity 27816K, committed 28032K, reserved 1075200K
  class space    used 2972K, capacity 3128K, committed 3200K, reserved 1048576K
}
Event: 5.370 GC heap after
{Heap after GC invocations=4 (full 0):
 garbage-first heap   total 57344K, used 10821K [0x00000000c9600000, 0x0000000100000000)
  region size 1024K, 3 young (3072K), 3 survivors (3072K)
 Metaspace       used 27143K, capacity 27816K, committed 28032K, reserved 1075200K
  class space    used 2972K, capacity 3128K, committed 3200K, reserved 1048576K
}

