# JRE version: OpenJDK Runtime Environment (11.0.13) (build 11.0.13+0-b1751.21-8125866)
# Java VM: OpenJDK 64-Bit Server VM (11.0.13+0-b1751.21-8125866, mixed mode, tiered, compressed oops, g1 gc, windows-amd64)
Heap:
 garbage-first heap   total 57344K, used 22568K [0x00000000c9600000, 0x0000000100000000)
  region size 1024K, 16 young (16384K), 2 survivors (2048K)
 Metaspace       used 29007K, capacity 29714K, committed 29824K, reserved 1075200K
  class space    used 3190K, capacity 3431K, committed 3456K, reserved 1048576K
GC Heap History (6 events):
Event: 2.458 GC heap before
{Heap before GC invocations=0 (full 0):
 garbage-first heap   total 57344K, used 16384K [0x00000000c9600000, 0x0000000100000000)
  region size 1024K, 14 young (14336K), 0 survivors (0K)
 Metaspace       used 12850K, capacity 13108K, committed 13184K, reserved 1060864K
  class space    used 1277K, capacity 1368K, committed 1408K, reserved 1048576K
}
Event: 2.467 GC heap after
{Heap after GC invocations=1 (full 0):
 garbage-first heap   total 57344K, used 4923K [0x00000000c9600000, 0x0000000100000000)
  region size 1024K, 2 young (2048K), 2 survivors (2048K)
 Metaspace       used 12850K, capacity 13108K, committed 13184K, reserved 1060864K
  class space    used 1277K, capacity 1368K, committed 1408K, reserved 1048576K
}
Event: 5.071 GC heap before
{Heap before GC invocations=1 (full 0):
 garbage-first heap   total 57344K, used 29499K [0x00000000c9600000, 0x0000000100000000)
  region size 1024K, 27 young (27648K), 2 survivors (2048K)
 Metaspace       used 20553K, capacity 21083K, committed 21248K, reserved 1069056K
  class space    used 2167K, capacity 2290K, committed 2304K, reserved 1048576K
}
Event: 5.088 GC heap after
{Heap after GC invocations=2 (full 0):
 garbage-first heap   total 57344K, used 8761K [0x00000000c9600000, 0x0000000100000000)
  region size 1024K, 5 young (5120K), 5 survivors (5120K)
 Metaspace       used 20553K, capacity 21083K, committed 21248K, reserved 1069056K
  class space    used 2167K, capacity 2290K, committed 2304K, reserved 1048576K
}
Event: 7.019 GC heap before
{Heap before GC invocations=3 (full 0):
 garbage-first heap   total 57344K, used 26169K [0x00000000c9600000, 0x0000000100000000)
  region size 1024K, 23 young (23552K), 5 survivors (5120K)
 Metaspace       used 24964K, capacity 25536K, committed 25728K, reserved 1073152K
  class space    used 2724K, capacity 2862K, committed 2944K, reserved 1048576K
}
Event: 7.034 GC heap after
{Heap after GC invocations=4 (full 0):
 garbage-first heap   total 57344K, used 10280K [0x00000000c9600000, 0x0000000100000000)
  region size 1024K, 2 young (2048K), 2 survivors (2048K)
 Metaspace       used 24964K, capacity 25536K, committed 25728K, reserved 1073152K
  class space    used 2724K, capacity 2862K, committed 2944K, reserved 1048576K
}

