# JRE version: OpenJDK Runtime Environment (11.0.13) (build 11.0.13+0-b1751.21-8125866)
# Java VM: OpenJDK 64-Bit Server VM (11.0.13+0-b1751.21-8125866, mixed mode, tiered, compressed oops, g1 gc, windows-amd64)
Heap:
 garbage-first heap   total 57344K, used 23819K [0x00000000c9600000, 0x0000000100000000)
  region size 1024K, 16 young (16384K), 2 survivors (2048K)
 Metaspace       used 29321K, capacity 30019K, committed 30384K, reserved 1077248K
  class space    used 3233K, capacity 3469K, committed 3584K, reserved 1048576K
GC Heap History (6 events):
Event: 2.095 GC heap before
{Heap before GC invocations=0 (full 0):
 garbage-first heap   total 57344K, used 17408K [0x00000000c9600000, 0x0000000100000000)
  region size 1024K, 14 young (14336K), 0 survivors (0K)
 Metaspace       used 12823K, capacity 13044K, committed 13184K, reserved 1060864K
  class space    used 1278K, capacity 1368K, committed 1408K, reserved 1048576K
}
Event: 2.102 GC heap after
{Heap after GC invocations=1 (full 0):
 garbage-first heap   total 57344K, used 4916K [0x00000000c9600000, 0x0000000100000000)
  region size 1024K, 2 young (2048K), 2 survivors (2048K)
 Metaspace       used 12823K, capacity 13044K, committed 13184K, reserved 1060864K
  class space    used 1278K, capacity 1368K, committed 1408K, reserved 1048576K
}
Event: 3.570 GC heap before
{Heap before GC invocations=1 (full 0):
 garbage-first heap   total 57344K, used 29492K [0x00000000c9600000, 0x0000000100000000)
  region size 1024K, 27 young (27648K), 2 survivors (2048K)
 Metaspace       used 20649K, capacity 21126K, committed 21296K, reserved 1069056K
  class space    used 2187K, capacity 2322K, committed 2432K, reserved 1048576K
}
Event: 3.584 GC heap after
{Heap after GC invocations=2 (full 0):
 garbage-first heap   total 57344K, used 8754K [0x00000000c9600000, 0x0000000100000000)
  region size 1024K, 5 young (5120K), 5 survivors (5120K)
 Metaspace       used 20649K, capacity 21126K, committed 21296K, reserved 1069056K
  class space    used 2187K, capacity 2322K, committed 2432K, reserved 1048576K
}
Event: 5.136 GC heap before
{Heap before GC invocations=3 (full 0):
 garbage-first heap   total 57344K, used 28210K [0x00000000c9600000, 0x0000000100000000)
  region size 1024K, 25 young (25600K), 5 survivors (5120K)
 Metaspace       used 25679K, capacity 26251K, committed 26416K, reserved 1073152K
  class space    used 2794K, capacity 2926K, committed 2944K, reserved 1048576K
}
Event: 5.153 GC heap after
{Heap after GC invocations=4 (full 0):
 garbage-first heap   total 57344K, used 10507K [0x00000000c9600000, 0x0000000100000000)
  region size 1024K, 2 young (2048K), 2 survivors (2048K)
 Metaspace       used 25679K, capacity 26251K, committed 26416K, reserved 1073152K
  class space    used 2794K, capacity 2926K, committed 2944K, reserved 1048576K
}

